Determining if the pthread_create exist failed with the following output:
Change Dir: /media/eloy/Datos/UGR/3º Carrera/2ºCuatrimestre (CSI)/Tecnicas de Sistemas Inteligentes/Practica/Practica 1/WorkP1/build/CMakeFiles/CMakeTmp

Run Build Command:"/usr/bin/make" "cmTC_389a2/fast"
/usr/bin/make -f CMakeFiles/cmTC_389a2.dir/build.make CMakeFiles/cmTC_389a2.dir/build
make[1]: se entra en el directorio '/media/eloy/Datos/UGR/3º Carrera/2ºCuatrimestre (CSI)/Tecnicas de Sistemas Inteligentes/Practica/Practica 1/WorkP1/build/CMakeFiles/CMakeTmp'
Building C object CMakeFiles/cmTC_389a2.dir/CheckSymbolExists.c.o
/usr/bin/cc     -o CMakeFiles/cmTC_389a2.dir/CheckSymbolExists.c.o   -c "/media/eloy/Datos/UGR/3º Carrera/2ºCuatrimestre (CSI)/Tecnicas de Sistemas Inteligentes/Practica/Practica 1/WorkP1/build/CMakeFiles/CMakeTmp/CheckSymbolExists.c"
Linking C executable cmTC_389a2
/usr/bin/cmake -E cmake_link_script CMakeFiles/cmTC_389a2.dir/link.txt --verbose=1
/usr/bin/cc       CMakeFiles/cmTC_389a2.dir/CheckSymbolExists.c.o  -o cmTC_389a2 -rdynamic 
CMakeFiles/cmTC_389a2.dir/CheckSymbolExists.c.o: En la función `main':
CheckSymbolExists.c:(.text+0x16): referencia a `pthread_create' sin definir
collect2: error: ld returned 1 exit status
CMakeFiles/cmTC_389a2.dir/build.make:97: fallo en las instrucciones para el objetivo 'cmTC_389a2'
make[1]: *** [cmTC_389a2] Error 1
make[1]: se sale del directorio '/media/eloy/Datos/UGR/3º Carrera/2ºCuatrimestre (CSI)/Tecnicas de Sistemas Inteligentes/Practica/Practica 1/WorkP1/build/CMakeFiles/CMakeTmp'
Makefile:126: fallo en las instrucciones para el objetivo 'cmTC_389a2/fast'
make: *** [cmTC_389a2/fast] Error 2

File /media/eloy/Datos/UGR/3º Carrera/2ºCuatrimestre (CSI)/Tecnicas de Sistemas Inteligentes/Practica/Practica 1/WorkP1/build/CMakeFiles/CMakeTmp/CheckSymbolExists.c:
/* */
#include <pthread.h>

int main(int argc, char** argv)
{
  (void)argv;
#ifndef pthread_create
  return ((int*)(&pthread_create))[argc];
#else
  (void)argc;
  return 0;
#endif
}

Determining if the function pthread_create exists in the pthreads failed with the following output:
Change Dir: /media/eloy/Datos/UGR/3º Carrera/2ºCuatrimestre (CSI)/Tecnicas de Sistemas Inteligentes/Practica/Practica 1/WorkP1/build/CMakeFiles/CMakeTmp

Run Build Command:"/usr/bin/make" "cmTC_acc1b/fast"
/usr/bin/make -f CMakeFiles/cmTC_acc1b.dir/build.make CMakeFiles/cmTC_acc1b.dir/build
make[1]: se entra en el directorio '/media/eloy/Datos/UGR/3º Carrera/2ºCuatrimestre (CSI)/Tecnicas de Sistemas Inteligentes/Practica/Practica 1/WorkP1/build/CMakeFiles/CMakeTmp'
Building C object CMakeFiles/cmTC_acc1b.dir/CheckFunctionExists.c.o
/usr/bin/cc    -DCHECK_FUNCTION_EXISTS=pthread_create   -o CMakeFiles/cmTC_acc1b.dir/CheckFunctionExists.c.o   -c /usr/share/cmake-3.5/Modules/CheckFunctionExists.c
Linking C executable cmTC_acc1b
/usr/bin/cmake -E cmake_link_script CMakeFiles/cmTC_acc1b.dir/link.txt --verbose=1
/usr/bin/cc   -DCHECK_FUNCTION_EXISTS=pthread_create    CMakeFiles/cmTC_acc1b.dir/CheckFunctionExists.c.o  -o cmTC_acc1b -rdynamic -lpthreads 
/usr/bin/ld: no se puede encontrar -lpthreads
collect2: error: ld returned 1 exit status
CMakeFiles/cmTC_acc1b.dir/build.make:97: fallo en las instrucciones para el objetivo 'cmTC_acc1b'
make[1]: *** [cmTC_acc1b] Error 1
make[1]: se sale del directorio '/media/eloy/Datos/UGR/3º Carrera/2ºCuatrimestre (CSI)/Tecnicas de Sistemas Inteligentes/Practica/Practica 1/WorkP1/build/CMakeFiles/CMakeTmp'
Makefile:126: fallo en las instrucciones para el objetivo 'cmTC_acc1b/fast'
make: *** [cmTC_acc1b/fast] Error 2


